 Fri Nov 25 10:09:15 2016
 run020752 200000  NaI Ra226 600V 63mV 1k 
1000 500.000000 1156 1295 
2000 1000.000000 1153 1251 
3000 1000.000000 1133 1330 
4000 500.000000 1144 1277 
5000 1000.000000 1145 1232 
6000 1000.000000 1140 1246 
7000 500.000000 1143 1253 
8000 1000.000000 1145 1316 
9000 1000.000000 1146 1256 
10000 500.000000 1143 1319 
11000 1000.000000 1152 1273 
12000 1000.000000 1163 1255 
13000 1000.000000 1150 1277 
14000 500.000000 1173 1319 
15000 1000.000000 1148 1251 
16000 1000.000000 1156 1233 
17000 500.000000 1148 1291 
18000 1000.000000 1153 1259 
19000 1000.000000 1129 1344 
20000 500.000000 1144 1300 
21000 1000.000000 1155 1222 
22000 1000.000000 1142 1247 
23000 500.000000 1132 1308 
24000 1000.000000 1130 1285 
25000 1000.000000 1157 1226 
26000 1000.000000 1136 1332 
27000 500.000000 1138 1263 
28000 1000.000000 1135 1318 
29000 1000.000000 1154 1242 
30000 500.000000 1173 1297 
31000 1000.000000 1135 1210 
32000 1000.000000 1152 1324 
33000 500.000000 1143 1255 
34000 1000.000000 1149 1238 
35000 1000.000000 1153 1336 
36000 1000.000000 1151 1257 
37000 1000.000000 1139 1291 
38000 1000.000000 1151 1300 
39000 1000.000000 1148 1272 
40000 500.000000 1147 1268 
41000 1000.000000 1126 1226 
42000 1000.000000 1145 1214 
43000 500.000000 1163 1289 
44000 1000.000000 1132 1342 
45000 1000.000000 1152 1259 
46000 500.000000 1169 1310 
47000 1000.000000 1129 1270 
48000 1000.000000 1148 1257 
49000 1000.000000 1137 1283 
50000 500.000000 1139 1201 
51000 1000.000000 1128 1247 
52000 1000.000000 1145 1219 
53000 500.000000 1139 1256 
54000 1000.000000 1152 1245 
55000 1000.000000 1151 1248 
56000 1000.000000 1157 1242 
57000 500.000000 1151 1331 
58000 1000.000000 1147 1298 
59000 1000.000000 1150 1272 
60000 500.000000 1139 1285 
61000 1000.000000 1184 1030 
62000 1000.000000 1207 982 
63000 1000.000000 1197 982 
64000 1000.000000 1202 1004 
65000 1000.000000 1182 1048 
66000 1000.000000 1197 969 
67000 1000.000000 1189 997 
68000 1000.000000 1164 989 
69000 1000.000000 1177 1028 
70000 1000.000000 1186 1091 
71000 1000.000000 1186 1027 
72000 1000.000000 1179 988 
73000 1000.000000 1169 1007 
74000 1000.000000 1159 1065 
75000 1000.000000 1176 1069 
76000 1000.000000 1186 978 
77000 1000.000000 1180 939 
78000 1000.000000 1200 1022 
79000 1000.000000 1182 983 
80000 1000.000000 1165 1055 
81000 1000.000000 1201 1023 
82000 1000.000000 1176 1037 
83000 1000.000000 1182 1031 
84000 1000.000000 1217 995 
85000 1000.000000 1205 1021 
86000 1000.000000 1190 1011 
87000 1000.000000 1181 1001 
88000 1000.000000 1215 968 
89000 1000.000000 1198 1001 
90000 1000.000000 1174 1034 
91000 1000.000000 1197 1006 
92000 1000.000000 1185 1020 
93000 1000.000000 1183 1025 
94000 1000.000000 1163 1051 
95000 1000.000000 1192 1034 
96000 1000.000000 1194 1001 
97000 1000.000000 1194 1053 
98000 1000.000000 1181 1069 
99000 1000.000000 1193 1026 
100000 1000.000000 1201 1021 
101000 1000.000000 1191 1015 
102000 1000.000000 1194 1001 
103000 1000.000000 1200 1033 
104000 500.000000 1200 1053 
105000 1000.000000 1186 1029 
106000 1000.000000 1216 1038 
107000 1000.000000 1198 1013 
108000 1000.000000 1204 981 
109000 1000.000000 1199 1005 
110000 1000.000000 1205 988 
111000 1000.000000 1181 979 
112000 1000.000000 1200 1063 
113000 1000.000000 1203 1021 
114000 1000.000000 1206 998 
115000 1000.000000 1198 1028 
116000 1000.000000 1192 1022 
117000 1000.000000 1199 1058 
118000 1000.000000 1180 1044 
119000 1000.000000 1202 1027 
120000 1000.000000 1192 1037 
121000 1000.000000 1186 956 
122000 1000.000000 1186 993 
123000 1000.000000 1179 1022 
124000 1000.000000 1172 990 
125000 1000.000000 1174 1038 
126000 1000.000000 1178 1038 
127000 1000.000000 1167 1046 
128000 1000.000000 1183 993 
129000 1000.000000 1182 971 
130000 1000.000000 1179 1013 
131000 1000.000000 1191 994 
132000 1000.000000 1165 987 
133000 1000.000000 1179 1002 
134000 1000.000000 1183 987 
135000 1000.000000 1210 989 
136000 1000.000000 1204 1080 
137000 1000.000000 1172 1000 
138000 1000.000000 1181 1014 
139000 1000.000000 1156 1026 
140000 1000.000000 1159 1027 
141000 1000.000000 1190 1028 
142000 1000.000000 1204 1002 
143000 1000.000000 1208 969 
144000 1000.000000 1196 1046 
145000 1000.000000 1195 1015 
146000 1000.000000 1186 1022 
147000 1000.000000 1174 1087 
148000 1000.000000 1186 1001 
149000 1000.000000 1195 1004 
150000 1000.000000 1191 1006 
151000 1000.000000 1187 998 
152000 1000.000000 1202 956 
153000 1000.000000 1204 1031 
154000 1000.000000 1187 995 
155000 1000.000000 1209 1028 
156000 1000.000000 1212 1014 
157000 1000.000000 1197 980 
158000 500.000000 1191 1021 
159000 1000.000000 1190 1048 
160000 1000.000000 1194 1014 
161000 1000.000000 1184 1008 
162000 1000.000000 1192 1009 
163000 1000.000000 1180 1038 
164000 1000.000000 1187 1027 
165000 1000.000000 1197 1009 
166000 1000.000000 1211 968 
167000 1000.000000 1188 994 
168000 1000.000000 1196 962 
169000 1000.000000 1202 936 
170000 1000.000000 1217 977 
171000 1000.000000 1163 963 
172000 1000.000000 1199 1036 
173000 1000.000000 1179 1032 
174000 1000.000000 1213 1013 
175000 1000.000000 1196 1018 
176000 1000.000000 1192 1078 
177000 1000.000000 1181 994 
178000 1000.000000 1190 1003 
179000 1000.000000 1192 986 
180000 1000.000000 1204 989 
181000 1000.000000 1192 1030 
182000 1000.000000 1185 965 
183000 1000.000000 1197 1031 
184000 1000.000000 1189 1025 
185000 1000.000000 1176 1032 
186000 1000.000000 1187 970 
187000 1000.000000 1194 1008 
188000 1000.000000 1171 1003 
189000 1000.000000 1169 1024 
190000 1000.000000 1219 987 
191000 500.000000 1222 1027 
192000 1000.000000 1167 1021 
193000 1000.000000 1190 1049 
194000 1000.000000 1183 1034 
195000 1000.000000 1207 1042 
196000 1000.000000 1165 992 
197000 1000.000000 1180 965 
198000 1000.000000 1183 998 
199000 1000.000000 1181 1007 
200000 1000.000000 1170 1000 
